<?xml version="1.0" encoding="UTF-8"?>
<testsuite name="com.employeeservice.employee.EmployeeApplicationTests" tests="1" skipped="0" failures="0" errors="0" timestamp="2023-08-07T11:43:52" hostname="josh-Latitude-3420" time="0.397">
  <properties/>
  <testcase name="contextLoads()" classname="com.employeeservice.employee.EmployeeApplicationTests" time="0.397"/>
  <system-out><![CDATA[17:13:48.904 [Test worker] INFO org.springframework.test.context.support.AnnotationConfigContextLoaderUtils -- Could not detect default configuration classes for test class [com.employeeservice.employee.EmployeeApplicationTests]: EmployeeApplicationTests does not declare any static, non-private, non-final, nested classes annotated with @Configuration.
17:13:48.984 [Test worker] INFO org.springframework.boot.test.context.SpringBootTestContextBootstrapper -- Found @SpringBootConfiguration com.employeeservice.employee.EmployeeApplication for test class com.employeeservice.employee.EmployeeApplicationTests

  .   ____          _            __ _ _
 /\\ / ___'_ __ _ _(_)_ __  __ _ \ \ \ \
( ( )\___ | '_ | '_| | '_ \/ _` | \ \ \ \
 \\/  ___)| |_)| | | | | || (_| |  ) ) ) )
  '  |____| .__|_| |_|_| |_\__, | / / / /
 =========|_|==============|___/=/_/_/_/
 :: Spring Boot ::                (v3.1.2)

2023-08-07T17:13:49.286+05:30  INFO 2222392 --- [    Test worker] c.e.employee.EmployeeApplicationTests    : Starting EmployeeApplicationTests using Java 17.0.8 with PID 2222392 (started by josh in /home/josh/Downloads/Gradle_26_July/employee)
2023-08-07T17:13:49.287+05:30  INFO 2222392 --- [    Test worker] c.e.employee.EmployeeApplicationTests    : No active profile set, falling back to 1 default profile: "default"
2023-08-07T17:13:49.793+05:30  INFO 2222392 --- [    Test worker] .s.d.r.c.RepositoryConfigurationDelegate : Bootstrapping Spring Data JPA repositories in DEFAULT mode.
2023-08-07T17:13:49.904+05:30  INFO 2222392 --- [    Test worker] .s.d.r.c.RepositoryConfigurationDelegate : Finished Spring Data repository scanning in 105 ms. Found 2 JPA repository interfaces.
2023-08-07T17:13:50.254+05:30  INFO 2222392 --- [    Test worker] o.hibernate.jpa.internal.util.LogHelper  : HHH000204: Processing PersistenceUnitInfo [name: default]
2023-08-07T17:13:50.298+05:30  INFO 2222392 --- [    Test worker] org.hibernate.Version                    : HHH000412: Hibernate ORM core version 6.2.6.Final
2023-08-07T17:13:50.300+05:30  INFO 2222392 --- [    Test worker] org.hibernate.cfg.Environment            : HHH000406: Using bytecode reflection optimizer
2023-08-07T17:13:50.393+05:30  INFO 2222392 --- [    Test worker] o.h.b.i.BytecodeProviderInitiator        : HHH000021: Bytecode provider name : bytebuddy
2023-08-07T17:13:50.488+05:30  INFO 2222392 --- [    Test worker] o.s.o.j.p.SpringPersistenceUnitInfo      : No LoadTimeWeaver setup: ignoring JPA class transformer
2023-08-07T17:13:50.500+05:30  INFO 2222392 --- [    Test worker] com.zaxxer.hikari.HikariDataSource       : HikariPool-1 - Starting...
2023-08-07T17:13:50.775+05:30  INFO 2222392 --- [    Test worker] com.zaxxer.hikari.pool.HikariPool        : HikariPool-1 - Added connection org.postgresql.jdbc.PgConnection@4cc7e3ad
2023-08-07T17:13:50.776+05:30  INFO 2222392 --- [    Test worker] com.zaxxer.hikari.HikariDataSource       : HikariPool-1 - Start completed.
2023-08-07T17:13:50.968+05:30  INFO 2222392 --- [    Test worker] o.h.b.i.BytecodeProviderInitiator        : HHH000021: Bytecode provider name : bytebuddy
2023-08-07T17:13:51.528+05:30  INFO 2222392 --- [    Test worker] o.h.e.t.j.p.i.JtaPlatformInitiator       : HHH000490: Using JtaPlatform implementation: [org.hibernate.engine.transaction.jta.platform.internal.NoJtaPlatform]
2023-08-07T17:13:51.533+05:30  INFO 2222392 --- [    Test worker] j.LocalContainerEntityManagerFactoryBean : Initialized JPA EntityManagerFactory for persistence unit 'default'
2023-08-07T17:13:52.183+05:30  WARN 2222392 --- [    Test worker] JpaBaseConfiguration$JpaWebConfiguration : spring.jpa.open-in-view is enabled by default. Therefore, database queries may be performed during view rendering. Explicitly configure spring.jpa.open-in-view to disable this warning
2023-08-07T17:13:52.528+05:30  INFO 2222392 --- [    Test worker] c.e.employee.EmployeeApplicationTests    : Started EmployeeApplicationTests in 3.44 seconds (process running for 4.222)
]]></system-out>
  <system-err><![CDATA[]]></system-err>
</testsuite>
